<?xml version="1.0" encoding="UTF-8"?>
<testsuites name="Mocha Tests" time="0.0000" tests="1" failures="1">
  <testsuite name="Root Suite" timestamp="2022-07-19T18:16:48" tests="0" file="cypress/integration/tests/features/DemoTest.feature" time="0.0000" failures="0">
  </testsuite>
  <testsuite name="Demo test for UI validation" timestamp="2022-07-19T18:16:48" tests="1" time="0.0000" failures="1">
    <testcase name="Demo test for UI validation Tutorials point automation practice (example #1)" time="0.0000" classname="Tutorials point automation practice (example #1)">
      <failure message="Cannot read properties of undefined (reading &apos;FirstName&apos;)" type="TypeError"><![CDATA[TypeError: Cannot read properties of undefined (reading 'FirstName')
    at Context.eval (https://www.tutorialspoint.com/__cypress/tests?p=cypress/integration/tests/features/DemoTest.feature:37:58)]]></failure>
    </testcase>
  </testsuite>
</testsuites>